<?xml version="1.0" encoding="utf-8"?><testsuites name="pytest tests"><testsuite name="pytest" errors="0" failures="0" skipped="3" tests="19" time="3.513" timestamp="2026-04-03T19:32:16.854299+00:00" hostname="agent-env-ba57f1c5-2c1c-49c6-a3fe-28cd8f27846c"><testcase classname="backend.tests.test_p2_p7_visibility.TestAdminAuth" name="test_admin_login" time="0.223" /><testcase classname="backend.tests.test_p2_p7_visibility.TestBillingDashboard" name="test_billing_status_endpoint" time="0.274" /><testcase classname="backend.tests.test_p2_p7_visibility.TestBillingDashboard" name="test_billing_status_requires_auth" time="0.118" /><testcase classname="backend.tests.test_p2_p7_visibility.TestOutboundPipeline" name="test_outbound_pipeline_endpoint" time="0.251" /><testcase classname="backend.tests.test_p2_p7_visibility.TestOutboundPipeline" name="test_outbound_pipeline_requires_auth" time="0.128" /><testcase classname="backend.tests.test_p2_p7_visibility.TestLegalGuardian" name="test_compliance_summary_endpoint" time="0.282" /><testcase classname="backend.tests.test_p2_p7_visibility.TestLegalGuardian" name="test_legal_risks_endpoint" time="0.125" /><testcase classname="backend.tests.test_p2_p7_visibility.TestLegalGuardian" name="test_legal_audit_endpoint" time="0.154" /><testcase classname="backend.tests.test_p2_p7_visibility.TestLegalGuardian" name="test_legal_endpoints_require_auth" time="0.312" /><testcase classname="backend.tests.test_p2_p7_visibility.TestProjectHandover" name="test_download_handover_endpoint" time="0.245" /><testcase classname="backend.tests.test_p2_p7_visibility.TestProjectHandover" name="test_start_prompt_endpoint" time="0.137" /><testcase classname="backend.tests.test_p2_p7_visibility.TestProjectHandover" name="test_project_endpoints_require_auth" time="0.239" /><testcase classname="backend.tests.test_p2_p7_visibility.TestCustomerPortalProjects" name="test_customer_projects_endpoint" time="0.241"><skipped type="pytest.skip" message="No token in portal URL">/app/backend/tests/test_p2_p7_visibility.py:306: No token in portal URL</skipped></testcase><testcase classname="backend.tests.test_p2_p7_visibility.TestCustomerPortalProjects" name="test_customer_project_detail" time="0.000"><skipped type="pytest.skip" message="No token in portal URL">/app/backend/tests/test_p2_p7_visibility.py:326: No token in portal URL</skipped></testcase><testcase classname="backend.tests.test_p2_p7_visibility.TestCustomerPortalProjects" name="test_customer_project_chat" time="0.000"><skipped type="pytest.skip" message="No token in portal URL">/app/backend/tests/test_p2_p7_visibility.py:354: No token in portal URL</skipped></testcase><testcase classname="backend.tests.test_p2_p7_visibility.TestCustomerPortalProjects" name="test_customer_projects_requires_auth" time="0.145" /><testcase classname="backend.tests.test_p2_p7_visibility.TestAdminNavItems" name="test_admin_stats_dashboard" time="0.296" /><testcase classname="backend.tests.test_p2_p7_visibility.TestAdminNavItems" name="test_admin_projects_list" time="0.123" /><testcase classname="backend.tests.test_p2_p7_visibility.TestAdminNavItems" name="test_admin_contracts_list" time="0.122" /></testsuite></testsuites>