<?xml version="1.0" encoding="utf-8"?><testsuites name="pytest tests"><testsuite name="pytest" errors="0" failures="0" skipped="0" tests="8" time="57.347" timestamp="2026-04-04T00:31:46.662136+00:00" hostname="agent-env-ba57f1c5-2c1c-49c6-a3fe-28cd8f27846c"><testcase classname="backend.tests.test_chat_bugfix.TestChatBugFix" name="test_chat_health_check" time="0.223" /><testcase classname="backend.tests.test_chat_bugfix.TestChatBugFix" name="test_chat_message_basic" time="5.739" /><testcase classname="backend.tests.test_chat_bugfix.TestChatBugFix" name="test_chat_message_english" time="5.843" /><testcase classname="backend.tests.test_chat_bugfix.TestChatBugFix" name="test_chat_multi_turn_conversation" time="18.875" /><testcase classname="backend.tests.test_chat_bugfix.TestChatBugFix" name="test_chat_pricing_keywords" time="12.418" /><testcase classname="backend.tests.test_chat_bugfix.TestChatBugFix" name="test_chat_greeting" time="4.647" /><testcase classname="backend.tests.test_chat_bugfix.TestChatBugFix" name="test_chat_session_creation" time="5.603" /><testcase classname="backend.tests.test_chat_bugfix.TestChatBugFix" name="test_chat_response_structure" time="3.925" /></testsuite></testsuites>