<?xml version="1.0" encoding="utf-8"?><testsuites name="pytest tests"><testsuite name="pytest" errors="0" failures="0" skipped="0" tests="20" time="5.250" timestamp="2026-04-03T16:03:30.161475+00:00" hostname="agent-env-e511dfe9-fc84-4edd-9e5e-6ba9f2cea19f"><testcase classname="tests.test_iteration_23.TestHealthCheck" name="test_health_endpoint" time="0.248" /><testcase classname="tests.test_iteration_23.TestAuthCheckEmail" name="test_admin_email_returns_admin_role" time="0.122" /><testcase classname="tests.test_iteration_23.TestAuthCheckEmail" name="test_customer_email_returns_customer_role" time="0.150" /><testcase classname="tests.test_iteration_23.TestAuthCheckEmail" name="test_unknown_email_returns_unknown_role" time="0.123" /><testcase classname="tests.test_iteration_23.TestAuthCheckEmail" name="test_empty_email_returns_400" time="0.108" /><testcase classname="tests.test_iteration_23.TestAuthRequestMagicLink" name="test_magic_link_for_customer_returns_200" time="0.549" /><testcase classname="tests.test_iteration_23.TestAuthRequestMagicLink" name="test_magic_link_for_unknown_email_returns_404" time="0.144" /><testcase classname="tests.test_iteration_23.TestAuthRequestMagicLink" name="test_magic_link_empty_email_returns_400" time="0.131" /><testcase classname="tests.test_iteration_23.TestAuthVerifyToken" name="test_invalid_token_returns_403" time="0.116" /><testcase classname="tests.test_iteration_23.TestAuthVerifyToken" name="test_empty_token_returns_400" time="0.139" /><testcase classname="tests.test_iteration_23.TestAdminLogin" name="test_admin_login_success" time="0.146" /><testcase classname="tests.test_iteration_23.TestAdminLogin" name="test_admin_jwt_has_admin_role" time="0.142" /><testcase classname="tests.test_iteration_23.TestCustomerJWTEndpoints" name="test_customer_me_without_auth_returns_401" time="0.135" /><testcase classname="tests.test_iteration_23.TestCustomerJWTEndpoints" name="test_customer_dashboard_without_auth_returns_401" time="0.110" /><testcase classname="tests.test_iteration_23.TestRoleSeparation" name="test_admin_can_access_admin_endpoints" time="0.270" /><testcase classname="tests.test_iteration_23.TestRoleSeparation" name="test_customer_cannot_access_admin_endpoints_with_admin_token" time="0.275" /><testcase classname="tests.test_iteration_23.TestPortalAccessTokenFlow" name="test_create_portal_access_and_verify" time="0.711" /><testcase classname="tests.test_iteration_23.TestCustomerJWTRoleSeparation" name="test_customer_jwt_blocked_from_admin_leads" time="0.469" /><testcase classname="tests.test_iteration_23.TestCustomerJWTRoleSeparation" name="test_customer_jwt_blocked_from_admin_customers" time="0.495" /><testcase classname="tests.test_iteration_23.TestCustomerJWTRoleSeparation" name="test_customer_jwt_blocked_from_admin_quotes" time="0.570" /></testsuite></testsuites>