<?xml version="1.0" encoding="utf-8"?><testsuites name="pytest tests"><testsuite name="pytest" errors="0" failures="0" skipped="0" tests="18" time="2.507" timestamp="2026-04-04T08:05:29.150012+00:00" hostname="agent-env-ba57f1c5-2c1c-49c6-a3fe-28cd8f27846c"><testcase classname="backend.tests.test_customer_portal_iter61.TestCustomerDashboard" name="test_dashboard_access" time="0.206" /><testcase classname="backend.tests.test_customer_portal_iter61.TestCustomerRequests" name="test_create_request" time="0.107" /><testcase classname="backend.tests.test_customer_portal_iter61.TestCustomerRequests" name="test_list_requests" time="0.098" /><testcase classname="backend.tests.test_customer_portal_iter61.TestCustomerRequests" name="test_create_and_verify_request" time="0.203" /><testcase classname="backend.tests.test_customer_portal_iter61.TestCustomerBookings" name="test_create_booking" time="0.105" /><testcase classname="backend.tests.test_customer_portal_iter61.TestCustomerBookings" name="test_create_booking_review_type" time="0.157" /><testcase classname="backend.tests.test_customer_portal_iter61.TestCustomerMessages" name="test_send_message" time="0.104" /><testcase classname="backend.tests.test_customer_portal_iter61.TestCustomerMessages" name="test_list_messages" time="0.096" /><testcase classname="backend.tests.test_customer_portal_iter61.TestCustomerMessages" name="test_send_and_verify_message" time="0.190" /><testcase classname="backend.tests.test_customer_portal_iter61.TestCustomerSupport" name="test_create_support_ticket" time="0.103" /><testcase classname="backend.tests.test_customer_portal_iter61.TestCustomerSupport" name="test_list_support_tickets" time="0.098" /><testcase classname="backend.tests.test_customer_portal_iter61.TestCustomerSupport" name="test_create_and_verify_ticket" time="0.207" /><testcase classname="backend.tests.test_customer_portal_iter61.TestCustomerProfile" name="test_get_profile" time="0.096" /><testcase classname="backend.tests.test_customer_portal_iter61.TestCustomerContracts" name="test_list_contracts" time="0.098" /><testcase classname="backend.tests.test_customer_portal_iter61.TestCustomerProjects" name="test_list_projects" time="0.090" /><testcase classname="backend.tests.test_customer_portal_iter61.TestUnauthorizedAccess" name="test_requests_without_auth" time="0.100" /><testcase classname="backend.tests.test_customer_portal_iter61.TestUnauthorizedAccess" name="test_messages_without_auth" time="0.257" /><testcase classname="backend.tests.test_customer_portal_iter61.TestUnauthorizedAccess" name="test_support_without_auth" time="0.100" /></testsuite></testsuites>