<?xml version="1.0" encoding="utf-8"?><testsuites name="pytest tests"><testsuite name="pytest" errors="0" failures="0" skipped="0" tests="11" time="17.139" timestamp="2026-04-02T18:39:06.886720+00:00" hostname="agent-env-e511dfe9-fc84-4edd-9e5e-6ba9f2cea19f"><testcase classname="backend.tests.test_iteration11.TestHealthAndBasicEndpoints" name="test_health_endpoint" time="0.221" /><testcase classname="backend.tests.test_iteration11.TestHealthAndBasicEndpoints" name="test_company_endpoint" time="0.135" /><testcase classname="backend.tests.test_iteration11.TestChatFunctionality" name="test_chat_message_de" time="6.659" /><testcase classname="backend.tests.test_iteration11.TestChatFunctionality" name="test_chat_message_en" time="6.379" /><testcase classname="backend.tests.test_iteration11.TestChatFunctionality" name="test_chat_booking_request" time="2.738" /><testcase classname="backend.tests.test_iteration11.TestBookingFlow" name="test_booking_slots" time="0.108" /><testcase classname="backend.tests.test_iteration11.TestBookingFlow" name="test_create_booking" time="0.137" /><testcase classname="backend.tests.test_iteration11.TestContactForm" name="test_contact_submission" time="0.116" /><testcase classname="backend.tests.test_iteration11.TestAdminAuth" name="test_admin_login" time="0.185" /><testcase classname="backend.tests.test_iteration11.TestAdminAuth" name="test_admin_stats" time="0.271" /><testcase classname="backend.tests.test_iteration11.TestAnalytics" name="test_analytics_tracking" time="0.117" /></testsuite></testsuites>