<?xml version="1.0" encoding="utf-8"?><testsuites name="pytest tests"><testsuite name="pytest" errors="0" failures="1" skipped="0" tests="13" time="8.578" timestamp="2026-04-04T01:59:47.343006+00:00" hostname="agent-env-ba57f1c5-2c1c-49c6-a3fe-28cd8f27846c"><testcase classname="tests.test_quote_api_iter47.TestQuoteAPI" name="test_quote_request_returns_ids" time="0.188" /><testcase classname="tests.test_quote_api_iter47.TestQuoteAPI" name="test_quote_creates_lead_in_mongodb" time="0.451" /><testcase classname="tests.test_quote_api_iter47.TestQuoteAPI" name="test_quote_creates_timeline_event" time="0.290"><failure message="AssertionError: No timeline events found&#10;assert 0 &gt; 0&#10; +  where 0 = len([])">tests/test_quote_api_iter47.py:131: in test_quote_creates_timeline_event
    assert len(timeline) &gt; 0, "No timeline events found"
E   AssertionError: No timeline events found
E   assert 0 &gt; 0
E    +  where 0 = len([])</failure></testcase><testcase classname="tests.test_quote_api_iter47.TestQuoteAPI" name="test_duplicate_email_updates_existing_lead" time="0.389" /><testcase classname="tests.test_quote_api_iter47.TestRegressionAdmin" name="test_admin_login" time="0.152" /><testcase classname="tests.test_quote_api_iter47.TestRegressionAdmin" name="test_admin_stats_lead_counts" time="0.262" /><testcase classname="tests.test_quote_api_iter47.TestRegressionChat" name="test_chat_responds_to_messages" time="6.054" /><testcase classname="tests.test_quote_api_iter47.TestRegressionLegalPages" name="test_legal_page_accessible[/impressum]" time="0.117" /><testcase classname="tests.test_quote_api_iter47.TestRegressionLegalPages" name="test_legal_page_accessible[/datenschutz]" time="0.107" /><testcase classname="tests.test_quote_api_iter47.TestRegressionLegalPages" name="test_legal_page_accessible[/agb]" time="0.121" /><testcase classname="tests.test_quote_api_iter47.TestRegressionLegalPages" name="test_legal_page_accessible[/ki-hinweise]" time="0.103" /><testcase classname="tests.test_quote_api_iter47.TestPricingEndpoints" name="test_tariffs_endpoint" time="0.114" /><testcase classname="tests.test_quote_api_iter47.TestPricingEndpoints" name="test_services_endpoint" time="0.121" /></testsuite></testsuites>