<?xml version="1.0" encoding="utf-8"?><testsuites name="pytest tests"><testsuite name="pytest" errors="0" failures="0" skipped="0" tests="6" time="53.571" timestamp="2026-04-04T00:49:50.090584+00:00" hostname="agent-env-ba57f1c5-2c1c-49c6-a3fe-28cd8f27846c"><testcase classname="backend.tests.test_chat_iter43.TestChatAPI" name="test_chat_health_check" time="0.138" /><testcase classname="backend.tests.test_chat_iter43.TestChatAPI" name="test_chat_message_basic" time="4.443" /><testcase classname="backend.tests.test_chat_iter43.TestChatAPI" name="test_chat_multi_turn_conversation" time="34.481" /><testcase classname="backend.tests.test_chat_iter43.TestChatAPI" name="test_chat_response_structure" time="4.646" /><testcase classname="backend.tests.test_chat_iter43.TestChatAPI" name="test_chat_english_language" time="4.802" /><testcase classname="backend.tests.test_chat_iter43.TestChatAPI" name="test_chat_dutch_language" time="4.992" /></testsuite></testsuites>