<?xml version="1.0" encoding="utf-8"?><testsuites name="pytest tests"><testsuite name="pytest" errors="0" failures="0" skipped="0" tests="9" time="13.779" timestamp="2026-04-05T12:12:12.761216+00:00" hostname="agent-env-ba57f1c5-2c1c-49c6-a3fe-28cd8f27846c"><testcase classname="backend.tests.test_deepseek_migration_iter79.TestDeepSeekMigration" name="test_nexify_ai_status_deepseek_primary" time="1.899" /><testcase classname="backend.tests.test_deepseek_migration_iter79.TestDeepSeekMigration" name="test_health_endpoint_all_services" time="2.100" /><testcase classname="backend.tests.test_deepseek_migration_iter79.TestIntelligenceEndpoints" name="test_intelligence_status" time="0.629" /><testcase classname="backend.tests.test_deepseek_migration_iter79.TestIntelligenceEndpoints" name="test_crawl_url_endpoint" time="1.552" /><testcase classname="backend.tests.test_deepseek_migration_iter79.TestIntelligenceEndpoints" name="test_research_company_endpoint" time="2.086" /><testcase classname="backend.tests.test_deepseek_migration_iter79.TestOracleAndTemplates" name="test_oracle_leitstelle_german_status" time="5.062" /><testcase classname="backend.tests.test_deepseek_migration_iter79.TestOracleAndTemplates" name="test_service_templates_count" time="0.121" /><testcase classname="backend.tests.test_deepseek_migration_iter79.TestAdminLogin" name="test_admin_login_success" time="0.141" /><testcase classname="backend.tests.test_deepseek_migration_iter79.TestAdminLogin" name="test_admin_login_invalid_credentials" time="0.099" /></testsuite></testsuites>