<?xml version="1.0" encoding="utf-8"?><testsuites name="pytest tests"><testsuite name="pytest" errors="0" failures="0" skipped="0" tests="12" time="71.437" timestamp="2026-04-15T23:43:41.548547+00:00" hostname="agent-env-ba57f1c5-2c1c-49c6-a3fe-28cd8f27846c"><testcase classname="tests.test_openrouter_migration_iter81.TestHealthEndpoint" name="test_health_returns_openrouter_not_deepseek" time="2.381" /><testcase classname="tests.test_openrouter_migration_iter81.TestHealthEndpoint" name="test_health_overall_status_healthy" time="0.374" /><testcase classname="tests.test_openrouter_migration_iter81.TestNexifyAIStatus" name="test_nexify_ai_status_master_llm_openrouter" time="1.509" /><testcase classname="tests.test_openrouter_migration_iter81.TestNexifyAIStatus" name="test_nexify_ai_status_openrouter_configured" time="2.237" /><testcase classname="tests.test_openrouter_migration_iter81.TestNexifyAIStatus" name="test_nexify_ai_status_no_deepseek_key" time="2.853" /><testcase classname="tests.test_openrouter_migration_iter81.TestOracleHealth" name="test_oracle_health_has_openrouter" time="4.792" /><testcase classname="tests.test_openrouter_migration_iter81.TestTriggerRun" name="test_trigger_run_deep_research_success" time="48.285" /><testcase classname="tests.test_openrouter_migration_iter81.TestTriggerStatus" name="test_trigger_status_returns_tasks" time="0.279" /><testcase classname="tests.test_openrouter_migration_iter81.TestNoDeepSeekInResponses" name="test_health_no_deepseek_string" time="0.368" /><testcase classname="tests.test_openrouter_migration_iter81.TestNoDeepSeekInResponses" name="test_nexify_ai_status_no_deepseek_service" time="1.370" /><testcase classname="tests.test_openrouter_migration_iter81.TestNoDeepSeekInResponses" name="test_oracle_health_no_deepseek_service" time="6.644" /><testcase classname="tests.test_openrouter_migration_iter81.TestLLMProviderStatus" name="test_admin_stats_loads" time="0.249" /></testsuite></testsuites>