<?xml version="1.0" encoding="utf-8"?><testsuites name="pytest tests"><testsuite name="pytest" errors="0" failures="0" skipped="0" tests="13" time="4.293" timestamp="2026-04-05T04:16:23.063871+00:00" hostname="agent-env-ba57f1c5-2c1c-49c6-a3fe-28cd8f27846c"><testcase classname="backend.tests.test_nexify_ai_iteration_68.TestAdminAuth" name="test_admin_login" time="0.228" /><testcase classname="backend.tests.test_nexify_ai_iteration_68.TestAgentCRUD" name="test_list_agents" time="0.313" /><testcase classname="backend.tests.test_nexify_ai_iteration_68.TestAgentCRUD" name="test_create_agent" time="0.120" /><testcase classname="backend.tests.test_nexify_ai_iteration_68.TestAgentCRUD" name="test_get_created_agent" time="0.144" /><testcase classname="backend.tests.test_nexify_ai_iteration_68.TestAgentCRUD" name="test_update_agent" time="0.262" /><testcase classname="backend.tests.test_nexify_ai_iteration_68.TestAgentCRUD" name="test_update_master_agent" time="0.109" /><testcase classname="backend.tests.test_nexify_ai_iteration_68.TestAgentCRUD" name="test_delete_master_agent_forbidden" time="0.123" /><testcase classname="backend.tests.test_nexify_ai_iteration_68.TestAgentCRUD" name="test_delete_agent" time="0.205" /><testcase classname="backend.tests.test_nexify_ai_iteration_68.TestNeXifyAITools" name="test_list_tools" time="0.258" /><testcase classname="backend.tests.test_nexify_ai_iteration_68.TestNeXifyAITools" name="test_execute_shell_tool" time="0.160" /><testcase classname="backend.tests.test_nexify_ai_iteration_68.TestNeXifyAITools" name="test_system_stats_tool" time="0.182" /><testcase classname="backend.tests.test_nexify_ai_iteration_68.TestNeXifyAIChat" name="test_chat_endpoint_streaming" time="1.824" /><testcase classname="backend.tests.test_nexify_ai_iteration_68.TestCleanup" name="test_cleanup_test_agents" time="0.270" /></testsuite></testsuites>