<?xml version="1.0" encoding="utf-8"?><testsuites name="pytest tests"><testsuite name="pytest" errors="0" failures="0" skipped="0" tests="22" time="5.195" timestamp="2026-04-04T06:02:40.446391+00:00" hostname="agent-env-ba57f1c5-2c1c-49c6-a3fe-28cd8f27846c"><testcase classname="backend.tests.test_iteration_55.TestAdminAuth" name="test_admin_login_success" time="0.241" /><testcase classname="backend.tests.test_iteration_55.TestAdminAuth" name="test_admin_login_invalid_credentials" time="0.107" /><testcase classname="backend.tests.test_iteration_55.TestOutboundLeadMachine" name="test_outbound_pipeline_stats" time="0.251" /><testcase classname="backend.tests.test_iteration_55.TestOutboundLeadMachine" name="test_outbound_leads_list" time="0.113" /><testcase classname="backend.tests.test_iteration_55.TestOutboundLeadMachine" name="test_outbound_leads_filter_by_status" time="0.136" /><testcase classname="backend.tests.test_iteration_55.TestOutboundLeadMachine" name="test_outbound_discover_lead" time="0.105" /><testcase classname="backend.tests.test_iteration_55.TestOutboundLeadMachine" name="test_outbound_lead_detail" time="0.207" /><testcase classname="backend.tests.test_iteration_55.TestOutboundLeadMachine" name="test_outbound_prequalify" time="0.204" /><testcase classname="backend.tests.test_iteration_55.TestOutboundLeadMachine" name="test_outbound_analyze" time="0.213" /><testcase classname="backend.tests.test_iteration_55.TestOutboundLeadMachine" name="test_outbound_legal_check" time="0.211" /><testcase classname="backend.tests.test_iteration_55.TestOutboundLeadMachine" name="test_outbound_bulk_import" time="0.139" /><testcase classname="backend.tests.test_iteration_55.TestOutboundLeadMachine" name="test_outbound_campaigns" time="0.112" /><testcase classname="backend.tests.test_iteration_55.TestProjects" name="test_projects_list" time="0.250" /><testcase classname="backend.tests.test_iteration_55.TestProjects" name="test_project_create" time="0.110" /><testcase classname="backend.tests.test_iteration_55.TestProjects" name="test_project_detail" time="0.197" /><testcase classname="backend.tests.test_iteration_55.TestContracts" name="test_contracts_list" time="0.269" /><testcase classname="backend.tests.test_iteration_55.TestContracts" name="test_contract_create" time="0.114" /><testcase classname="backend.tests.test_iteration_55.TestContracts" name="test_contract_detail" time="0.277" /><testcase classname="backend.tests.test_iteration_55.TestDashboard" name="test_dashboard_stats" time="0.269" /><testcase classname="backend.tests.test_iteration_55.TestBilling" name="test_billing_status" time="0.240" /><testcase classname="backend.tests.test_iteration_55.TestLegal" name="test_legal_compliance" time="0.282" /><testcase classname="backend.tests.test_iteration_55.TestMonitoring" name="test_monitoring_health" time="1.041" /></testsuite></testsuites>