<?xml version="1.0" encoding="utf-8"?><testsuites name="pytest tests"><testsuite name="pytest" errors="0" failures="0" skipped="0" tests="28" time="4.290" timestamp="2026-04-03T04:39:40.429882+00:00" hostname="agent-env-e511dfe9-fc84-4edd-9e5e-6ba9f2cea19f"><testcase classname="backend.tests.test_iteration_19.TestAdminAuth" name="test_admin_login_success" time="0.197" /><testcase classname="backend.tests.test_iteration_19.TestAdminAuth" name="test_admin_login_invalid_credentials" time="0.101" /><testcase classname="backend.tests.test_iteration_19.TestWhatsAppEndpoints" name="test_whatsapp_status" time="0.243" /><testcase classname="backend.tests.test_iteration_19.TestWhatsAppEndpoints" name="test_whatsapp_reset" time="0.111" /><testcase classname="backend.tests.test_iteration_19.TestWhatsAppEndpoints" name="test_whatsapp_pair" time="0.102" /><testcase classname="backend.tests.test_iteration_19.TestWhatsAppEndpoints" name="test_whatsapp_simulate_connect" time="0.206" /><testcase classname="backend.tests.test_iteration_19.TestWhatsAppEndpoints" name="test_whatsapp_status_after_connect" time="0.105" /><testcase classname="backend.tests.test_iteration_19.TestWhatsAppEndpoints" name="test_whatsapp_send_message" time="0.229" /><testcase classname="backend.tests.test_iteration_19.TestWhatsAppEndpoints" name="test_whatsapp_send_empty_message_fails" time="0.106" /><testcase classname="backend.tests.test_iteration_19.TestWhatsAppEndpoints" name="test_whatsapp_messages" time="0.114" /><testcase classname="backend.tests.test_iteration_19.TestWhatsAppEndpoints" name="test_whatsapp_disconnect" time="0.119" /><testcase classname="backend.tests.test_iteration_19.TestWhatsAppEndpoints" name="test_whatsapp_reconnect" time="0.207" /><testcase classname="backend.tests.test_iteration_19.TestAgentEndpoints" name="test_list_agents" time="0.239" /><testcase classname="backend.tests.test_iteration_19.TestAgentEndpoints" name="test_agent_route_empty_task_fails" time="0.115" /><testcase classname="backend.tests.test_iteration_19.TestAgentEndpoints" name="test_agent_execute_invalid_agent" time="0.104" /><testcase classname="backend.tests.test_iteration_19.TestAgentEndpoints" name="test_agent_execute_empty_task_fails" time="0.110" /><testcase classname="backend.tests.test_iteration_19.TestConversationEndpoints" name="test_list_conversations" time="0.244" /><testcase classname="backend.tests.test_iteration_19.TestConversationEndpoints" name="test_conversation_detail_not_found" time="0.105" /><testcase classname="backend.tests.test_iteration_19.TestConversationEndpoints" name="test_conversation_reply_not_found" time="0.099" /><testcase classname="backend.tests.test_iteration_19.TestConversationEndpoints" name="test_conversation_reply_empty_content_fails" time="0.207" /><testcase classname="backend.tests.test_iteration_19.TestCustomerMemoryEndpoints" name="test_get_customer_memory" time="0.241" /><testcase classname="backend.tests.test_iteration_19.TestCustomerMemoryEndpoints" name="test_add_customer_memory_fact" time="0.111" /><testcase classname="backend.tests.test_iteration_19.TestExistingEndpoints" name="test_health_endpoint" time="0.106" /><testcase classname="backend.tests.test_iteration_19.TestExistingEndpoints" name="test_admin_stats" time="0.238" /><testcase classname="backend.tests.test_iteration_19.TestExistingEndpoints" name="test_admin_leads" time="0.113" /><testcase classname="backend.tests.test_iteration_19.TestExistingEndpoints" name="test_admin_chat_sessions" time="0.099" /><testcase classname="backend.tests.test_iteration_19.TestExistingEndpoints" name="test_admin_timeline" time="0.106" /><testcase classname="backend.tests.test_iteration_19.TestExistingEndpoints" name="test_product_tariffs" time="0.104" /></testsuite></testsuites>