<?xml version="1.0" encoding="utf-8"?><testsuites name="pytest tests"><testsuite name="pytest" errors="0" failures="0" skipped="0" tests="34" time="6.441" timestamp="2026-04-03T18:47:26.630495+00:00" hostname="agent-env-ba57f1c5-2c1c-49c6-a3fe-28cd8f27846c"><testcase classname="tests.test_legal_guardian_p4.TestLegalGuardianAuth" name="test_legal_endpoints_require_auth" time="0.809" /><testcase classname="tests.test_legal_guardian_p4.TestOutreachLegalGate" name="test_outreach_check_approved_with_consent" time="0.302" /><testcase classname="tests.test_legal_guardian_p4.TestOutreachLegalGate" name="test_outreach_check_uwg_email_without_consent" time="0.102" /><testcase classname="tests.test_legal_guardian_p4.TestOutreachLegalGate" name="test_outreach_check_uwg_phone_b2b" time="0.121" /><testcase classname="tests.test_legal_guardian_p4.TestOutreachLegalGate" name="test_outreach_check_existing_customer_ok" time="0.101" /><testcase classname="tests.test_legal_guardian_p4.TestOutreachLegalGate" name="test_outreach_check_low_fit_score" time="0.099" /><testcase classname="tests.test_legal_guardian_p4.TestSuppressionAndOptOut" name="test_admin_opt_out_registration" time="0.102" /><testcase classname="tests.test_legal_guardian_p4.TestSuppressionAndOptOut" name="test_public_opt_out_no_auth" time="0.105" /><testcase classname="tests.test_legal_guardian_p4.TestSuppressionAndOptOut" name="test_outreach_blocked_for_opted_out_email" time="0.251" /><testcase classname="tests.test_legal_guardian_p4.TestSuppressionAndOptOut" name="test_duplicate_opt_out_returns_already_opted_out" time="0.238" /><testcase classname="tests.test_legal_guardian_p4.TestCommunicationLegalGate" name="test_communication_check_approved" time="0.103" /><testcase classname="tests.test_legal_guardian_p4.TestCommunicationLegalGate" name="test_communication_blocked_for_opted_out" time="0.214" /><testcase classname="tests.test_legal_guardian_p4.TestCommunicationLegalGate" name="test_communication_ai_without_disclosure" time="0.116" /><testcase classname="tests.test_legal_guardian_p4.TestBillingLegalGate" name="test_billing_check_requires_invoice" time="0.114" /><testcase classname="tests.test_legal_guardian_p4.TestContractLegalGate" name="test_contract_check_requires_contract" time="0.110" /><testcase classname="tests.test_legal_guardian_p4.TestRiskManagement" name="test_add_risk" time="0.122" /><testcase classname="tests.test_legal_guardian_p4.TestRiskManagement" name="test_add_risk_requires_entity_type_and_id" time="0.141" /><testcase classname="tests.test_legal_guardian_p4.TestRiskManagement" name="test_list_risks" time="0.139" /><testcase classname="tests.test_legal_guardian_p4.TestRiskManagement" name="test_list_risks_filter_by_resolved" time="0.109" /><testcase classname="tests.test_legal_guardian_p4.TestRiskManagement" name="test_resolve_risk" time="0.251" /><testcase classname="tests.test_legal_guardian_p4.TestAuditLog" name="test_get_audit_log" time="0.108" /><testcase classname="tests.test_legal_guardian_p4.TestAuditLog" name="test_audit_log_with_limit" time="0.107" /><testcase classname="tests.test_legal_guardian_p4.TestAuditLog" name="test_audit_log_filter_by_type" time="0.122" /><testcase classname="tests.test_legal_guardian_p4.TestComplianceSummary" name="test_compliance_summary" time="0.149" /><testcase classname="tests.test_legal_guardian_p4.TestContractSendLegalGate" name="test_contract_send_endpoint_exists" time="0.108" /><testcase classname="tests.test_legal_guardian_p4.TestIntegrationScenarios" name="test_full_outreach_flow_with_audit" time="0.215" /><testcase classname="tests.test_legal_guardian_p4.TestIntegrationScenarios" name="test_opt_out_adds_to_suppression" time="0.209" /><testcase classname="tests.test_contract_legal_gate_p4.TestContractLegalGateIntegration" name="test_create_contract_without_customer_email_fails" time="0.261" /><testcase classname="tests.test_contract_legal_gate_p4.TestContractLegalGateIntegration" name="test_create_contract_success" time="0.130" /><testcase classname="tests.test_contract_legal_gate_p4.TestContractLegalGateIntegration" name="test_contract_legal_check_missing_modules" time="0.239" /><testcase classname="tests.test_contract_legal_gate_p4.TestContractLegalGateIntegration" name="test_contract_send_with_legal_gate" time="0.412" /><testcase classname="tests.test_contract_legal_gate_p4.TestContractLegalGateIntegration" name="test_contract_without_email_cannot_be_sent" time="0.123" /><testcase classname="tests.test_contract_legal_gate_p4.TestContractLegalCheckPersistence" name="test_legal_check_updates_contract" time="0.316" /><testcase classname="tests.test_contract_legal_gate_p4.TestInvoiceLegalCheck" name="test_create_and_check_invoice" time="0.215" /></testsuite></testsuites>