<?xml version="1.0" encoding="utf-8"?><testsuites name="pytest tests"><testsuite name="pytest" errors="0" failures="1" skipped="0" tests="23" time="5.437" timestamp="2026-04-02T19:53:57.850955+00:00" hostname="agent-env-e511dfe9-fc84-4edd-9e5e-6ba9f2cea19f"><testcase classname="backend.tests.test_commercial_engine.TestPublicProductEndpoints" name="test_get_tariffs_returns_both_plans" time="0.270" /><testcase classname="backend.tests.test_commercial_engine.TestPublicProductEndpoints" name="test_starter_tariff_pricing" time="0.149" /><testcase classname="backend.tests.test_commercial_engine.TestPublicProductEndpoints" name="test_growth_tariff_pricing" time="0.130" /><testcase classname="backend.tests.test_commercial_engine.TestPublicProductEndpoints" name="test_tariffs_include_company_info" time="0.154" /><testcase classname="backend.tests.test_commercial_engine.TestPublicProductEndpoints" name="test_get_faq_returns_15_entries" time="0.105" /><testcase classname="backend.tests.test_commercial_engine.TestPublicProductEndpoints" name="test_faq_contains_tariff_info" time="0.128" /><testcase classname="backend.tests.test_commercial_engine.TestAdminAuthentication" name="test_admin_login_success" time="0.162" /><testcase classname="backend.tests.test_commercial_engine.TestAdminAuthentication" name="test_admin_login_invalid_credentials" time="0.112" /><testcase classname="backend.tests.test_commercial_engine.TestQuoteManagement" name="test_create_quote_starter" time="0.267" /><testcase classname="backend.tests.test_commercial_engine.TestQuoteManagement" name="test_create_quote_growth" time="0.271" /><testcase classname="backend.tests.test_commercial_engine.TestQuoteManagement" name="test_list_quotes" time="0.321" /><testcase classname="backend.tests.test_commercial_engine.TestQuoteManagement" name="test_get_quote_detail" time="0.434" /><testcase classname="backend.tests.test_commercial_engine.TestQuoteManagement" name="test_send_quote" time="0.759"><failure message="AssertionError: Response should contain send confirmation&#10;assert ('sent_to' in {'sent': True, 'to': 'test_send@example.com'} or 'portal_link' in {'sent': True, 'to': 'test_send@example.com'})">backend/tests/test_commercial_engine.py:352: in test_send_quote
    assert "sent_to" in data or "portal_link" in data, "Response should contain send confirmation"
E   AssertionError: Response should contain send confirmation
E   assert ('sent_to' in {'sent': True, 'to': 'test_send@example.com'} or 'portal_link' in {'sent': True, 'to': 'test_send@example.com'})</failure></testcase><testcase classname="backend.tests.test_commercial_engine.TestPDFGeneration" name="test_download_quote_pdf" time="0.391" /><testcase classname="backend.tests.test_commercial_engine.TestCommercialStats" name="test_get_commercial_stats" time="0.317" /><testcase classname="backend.tests.test_commercial_engine.TestInvoiceManagement" name="test_list_invoices" time="0.263" /><testcase classname="backend.tests.test_commercial_engine.TestInvoiceManagement" name="test_mark_invoice_paid_nonexistent" time="0.250" /><testcase classname="backend.tests.test_commercial_engine.TestRevolutWebhook" name="test_webhook_accepts_payload" time="0.129" /><testcase classname="backend.tests.test_commercial_engine.TestRevolutWebhook" name="test_webhook_idempotent" time="0.204" /><testcase classname="backend.tests.test_commercial_engine.TestRevolutWebhook" name="test_webhook_rejects_invalid_json" time="0.110" /><testcase classname="backend.tests.test_commercial_engine.TestUnauthorizedAccess" name="test_quotes_requires_auth" time="0.121" /><testcase classname="backend.tests.test_commercial_engine.TestUnauthorizedAccess" name="test_invoices_requires_auth" time="0.133" /><testcase classname="backend.tests.test_commercial_engine.TestUnauthorizedAccess" name="test_commercial_stats_requires_auth" time="0.124" /></testsuite></testsuites>