<?xml version="1.0" encoding="utf-8"?><testsuites name="pytest tests"><testsuite name="pytest" errors="0" failures="1" skipped="0" tests="22" time="36.892" timestamp="2026-04-05T07:40:25.340262+00:00" hostname="agent-env-ba57f1c5-2c1c-49c6-a3fe-28cd8f27846c"><testcase classname="backend.tests.test_leitstelle_templates_iter77.TestLeitstelleAPI" name="test_leitstelle_endpoint_returns_200" time="6.686" /><testcase classname="backend.tests.test_leitstelle_templates_iter77.TestLeitstelleAPI" name="test_leitstelle_has_pipeline_stats" time="3.246" /><testcase classname="backend.tests.test_leitstelle_templates_iter77.TestLeitstelleAPI" name="test_leitstelle_has_active_bots" time="3.226" /><testcase classname="backend.tests.test_leitstelle_templates_iter77.TestLeitstelleAPI" name="test_leitstelle_has_loop_monitor" time="3.281" /><testcase classname="backend.tests.test_leitstelle_templates_iter77.TestLeitstelleAPI" name="test_leitstelle_has_escalations" time="3.221" /><testcase classname="backend.tests.test_leitstelle_templates_iter77.TestLeitstelleAPI" name="test_leitstelle_has_recent_validated" time="3.267" /><testcase classname="backend.tests.test_leitstelle_templates_iter77.TestLeitstelleAPI" name="test_leitstelle_has_recent_transitions" time="3.266" /><testcase classname="backend.tests.test_leitstelle_templates_iter77.TestLeitstelleAPI" name="test_leitstelle_has_status_distribution" time="3.245" /><testcase classname="backend.tests.test_leitstelle_templates_iter77.TestTaskTransitionsAPI" name="test_task_transitions_with_valid_task" time="4.258" /><testcase classname="backend.tests.test_leitstelle_templates_iter77.TestTaskTransitionsAPI" name="test_task_transitions_invalid_task_returns_error" time="0.327" /><testcase classname="backend.tests.test_leitstelle_templates_iter77.TestTaskEscalateAPI" name="test_escalate_task_endpoint_exists" time="0.910" /><testcase classname="backend.tests.test_leitstelle_templates_iter77.TestTaskCancelAPI" name="test_cancel_task_endpoint_exists" time="0.765" /><testcase classname="backend.tests.test_leitstelle_templates_iter77.TestServiceTemplatesAPI" name="test_list_service_templates_returns_200" time="0.099" /><testcase classname="backend.tests.test_leitstelle_templates_iter77.TestServiceTemplatesAPI" name="test_list_service_templates_returns_10_templates" time="0.100"><failure message="AssertionError: Expected 10 templates, got 9&#10;assert 9 == 10">backend/tests/test_leitstelle_templates_iter77.py:251: in test_list_service_templates_returns_10_templates
    assert data["count"] == 10, f"Expected 10 templates, got {data['count']}"
E   AssertionError: Expected 10 templates, got 9
E   assert 9 == 10</failure></testcase><testcase classname="backend.tests.test_leitstelle_templates_iter77.TestServiceTemplatesAPI" name="test_service_templates_have_required_fields" time="0.110" /><testcase classname="backend.tests.test_leitstelle_templates_iter77.TestServiceTemplatesAPI" name="test_service_templates_include_expected_types" time="0.102" /><testcase classname="backend.tests.test_leitstelle_templates_iter77.TestServiceTemplatesAPI" name="test_get_single_template_detail" time="0.100" /><testcase classname="backend.tests.test_leitstelle_templates_iter77.TestServiceTemplatesAPI" name="test_get_nonexistent_template_returns_404" time="0.104" /><testcase classname="backend.tests.test_leitstelle_templates_iter77.TestInstantiateTemplateAPI" name="test_instantiate_template_creates_project" time="0.104" /><testcase classname="backend.tests.test_leitstelle_templates_iter77.TestInstantiateTemplateAPI" name="test_instantiate_invalid_template_returns_404" time="0.146" /><testcase classname="backend.tests.test_leitstelle_templates_iter77.TestAuthRequired" name="test_leitstelle_requires_auth" time="0.106" /><testcase classname="backend.tests.test_leitstelle_templates_iter77.TestAuthRequired" name="test_service_templates_requires_auth" time="0.102" /></testsuite></testsuites>