<?xml version="1.0" encoding="utf-8"?><testsuites name="pytest tests"><testsuite name="pytest" errors="0" failures="0" skipped="0" tests="12" time="37.039" timestamp="2026-04-02T17:53:08.203768+00:00" hostname="agent-env-e511dfe9-fc84-4edd-9e5e-6ba9f2cea19f"><testcase classname="backend.tests.test_chat_markdown.TestChatWelcomeMessages" name="test_welcome_message_german" time="2.530" /><testcase classname="backend.tests.test_chat_markdown.TestChatWelcomeMessages" name="test_welcome_message_english" time="2.242" /><testcase classname="backend.tests.test_chat_markdown.TestChatWelcomeMessages" name="test_welcome_message_dutch" time="2.372" /><testcase classname="backend.tests.test_chat_markdown.TestChatMarkdownFormatting" name="test_sales_response_has_markdown" time="9.063" /><testcase classname="backend.tests.test_chat_markdown.TestChatMarkdownFormatting" name="test_crm_response_has_markdown" time="4.031" /><testcase classname="backend.tests.test_chat_markdown.TestChatMarkdownFormatting" name="test_pricing_response_has_markdown" time="3.710" /><testcase classname="backend.tests.test_chat_markdown.TestChatBookingFlow" name="test_booking_request_trigger" time="2.520" /><testcase classname="backend.tests.test_chat_markdown.TestChatResponseQuality" name="test_response_not_empty" time="6.990" /><testcase classname="backend.tests.test_chat_markdown.TestChatResponseQuality" name="test_response_professional_tone" time="2.803" /><testcase classname="backend.tests.test_chat_markdown.TestContactForm" name="test_contact_form_submission" time="0.169" /><testcase classname="backend.tests.test_chat_markdown.TestBookingAPI" name="test_get_available_slots" time="0.107" /><testcase classname="backend.tests.test_chat_markdown.TestBookingAPI" name="test_booking_submission" time="0.290" /></testsuite></testsuites>