<?xml version="1.0" encoding="utf-8"?><testsuites name="pytest tests"><testsuite name="pytest" errors="0" failures="0" skipped="0" tests="23" time="3.540" timestamp="2026-04-02T21:02:31.394191+00:00" hostname="agent-env-e511dfe9-fc84-4edd-9e5e-6ba9f2cea19f"><testcase classname="backend.tests.test_iteration_16.TestHealthAndBasics" name="test_health_endpoint" time="0.293" /><testcase classname="backend.tests.test_iteration_16.TestHealthAndBasics" name="test_company_endpoint" time="0.160" /><testcase classname="backend.tests.test_iteration_16.TestTariffSheetPDF" name="test_tariff_sheet_all_categories" time="0.184" /><testcase classname="backend.tests.test_iteration_16.TestTariffSheetPDF" name="test_tariff_sheet_seo_category" time="0.161" /><testcase classname="backend.tests.test_iteration_16.TestTariffSheetPDF" name="test_tariff_sheet_agents_category" time="0.127" /><testcase classname="backend.tests.test_iteration_16.TestTariffSheetPDF" name="test_tariff_sheet_websites_category" time="0.129" /><testcase classname="backend.tests.test_iteration_16.TestTariffSheetPDF" name="test_tariff_sheet_bundles_category" time="0.123" /><testcase classname="backend.tests.test_iteration_16.TestTariffSheetPDF" name="test_tariff_sheet_invalid_category" time="0.153" /><testcase classname="backend.tests.test_iteration_16.TestProductEndpoints" name="test_tariffs_endpoint" time="0.134" /><testcase classname="backend.tests.test_iteration_16.TestProductEndpoints" name="test_services_endpoint" time="0.106" /><testcase classname="backend.tests.test_iteration_16.TestProductEndpoints" name="test_compliance_endpoint" time="0.123" /><testcase classname="backend.tests.test_iteration_16.TestProductEndpoints" name="test_faq_endpoint" time="0.344" /><testcase classname="backend.tests.test_iteration_16.TestFrontendPages" name="test_landing_page_de" time="0.118" /><testcase classname="backend.tests.test_iteration_16.TestFrontendPages" name="test_landing_page_nl" time="0.116" /><testcase classname="backend.tests.test_iteration_16.TestFrontendPages" name="test_landing_page_en" time="0.155" /><testcase classname="backend.tests.test_iteration_16.TestLegalPages" name="test_datenschutz_de" time="0.209" /><testcase classname="backend.tests.test_iteration_16.TestLegalPages" name="test_agb_de" time="0.113" /><testcase classname="backend.tests.test_iteration_16.TestLegalPages" name="test_impressum_de" time="0.111" /><testcase classname="backend.tests.test_iteration_16.TestLegalPages" name="test_ki_hinweise_de" time="0.114" /><testcase classname="backend.tests.test_iteration_16.TestIntegrationDetailPages" name="test_salesforce_integration_page" time="0.121" /><testcase classname="backend.tests.test_iteration_16.TestIntegrationDetailPages" name="test_hubspot_integration_page" time="0.110" /><testcase classname="backend.tests.test_iteration_16.TestIntegrationDetailPages" name="test_datev_integration_page" time="0.113" /><testcase classname="backend.tests.test_iteration_16.TestSecurityHeaders" name="test_security_headers_present" time="0.128" /></testsuite></testsuites>