<?xml version="1.0" encoding="utf-8"?><testsuites name="pytest tests"><testsuite name="pytest" errors="0" failures="0" skipped="0" tests="12" time="4.668" timestamp="2026-04-04T05:19:37.071400+00:00" hostname="agent-env-ba57f1c5-2c1c-49c6-a3fe-28cd8f27846c"><testcase classname="tests.test_iteration_53.TestAdminAuth" name="test_admin_login" time="0.272" /><testcase classname="tests.test_iteration_53.TestStripeRemoval" name="test_monitoring_health_no_stripe" time="0.971" /><testcase classname="tests.test_iteration_53.TestStripeRemoval" name="test_monitoring_status_only_revolut" time="0.149" /><testcase classname="tests.test_iteration_53.TestCustomerList" name="test_get_customers_list" time="0.343" /><testcase classname="tests.test_iteration_53.TestCustomerList" name="test_customers_search" time="0.111" /><testcase classname="tests.test_iteration_53.TestCustomerCasefile" name="test_get_casefile" time="0.244" /><testcase classname="tests.test_iteration_53.TestDirectEmail" name="test_send_direct_email" time="1.597" /><testcase classname="tests.test_iteration_53.TestCustomerNote" name="test_add_customer_note" time="0.237" /><testcase classname="tests.test_iteration_53.TestCustomerNote" name="test_verify_note_in_casefile" time="0.202" /><testcase classname="tests.test_iteration_53.TestAdditionalEndpoints" name="test_admin_stats" time="0.231" /><testcase classname="tests.test_iteration_53.TestAdditionalEndpoints" name="test_admin_leads" time="0.142" /><testcase classname="tests.test_iteration_53.TestAdditionalEndpoints" name="test_admin_bookings" time="0.098" /></testsuite></testsuites>