<?xml version="1.0" encoding="utf-8"?><testsuites name="pytest tests"><testsuite name="pytest" errors="0" failures="0" skipped="0" tests="22" time="15.108" timestamp="2026-04-02T20:22:18.158621+00:00" hostname="agent-env-e511dfe9-fc84-4edd-9e5e-6ba9f2cea19f"><testcase classname="backend.tests.test_iteration_15.TestTariffPricing" name="test_get_tariffs_returns_both_plans" time="0.169" /><testcase classname="backend.tests.test_iteration_15.TestTariffPricing" name="test_starter_tariff_pricing" time="0.062" /><testcase classname="backend.tests.test_iteration_15.TestTariffPricing" name="test_growth_tariff_pricing" time="0.053" /><testcase classname="backend.tests.test_iteration_15.TestServiceCatalog" name="test_get_services_returns_7_services_3_bundles" time="0.052" /><testcase classname="backend.tests.test_iteration_15.TestServiceCatalog" name="test_website_pricing" time="0.063" /><testcase classname="backend.tests.test_iteration_15.TestServiceCatalog" name="test_app_pricing" time="0.052" /><testcase classname="backend.tests.test_iteration_15.TestServiceCatalog" name="test_ai_addon_pricing" time="0.057" /><testcase classname="backend.tests.test_iteration_15.TestComplianceAndTrust" name="test_get_compliance_returns_8_items" time="0.084" /><testcase classname="backend.tests.test_iteration_15.TestComplianceAndTrust" name="test_iso_gap_analysis" time="0.053" /><testcase classname="backend.tests.test_iteration_15.TestFAQ" name="test_faq_returns_17_plus_entries" time="0.056" /><testcase classname="backend.tests.test_iteration_15.TestFAQ" name="test_faq_contains_services_info" time="0.056" /><testcase classname="backend.tests.test_iteration_15.TestSecurityHeaders" name="test_security_headers_present" time="0.058" /><testcase classname="backend.tests.test_iteration_15.TestChatPricing" name="test_chat_website_pricing" time="5.499" /><testcase classname="backend.tests.test_iteration_15.TestChatPricing" name="test_chat_tariff_pricing" time="7.951" /><testcase classname="backend.tests.test_iteration_15.TestQuoteCreationE2E" name="test_create_growth_quote_verify_calculation" time="0.222" /><testcase classname="backend.tests.test_iteration_15.TestQuoteCreationE2E" name="test_create_starter_quote_verify_calculation" time="0.064" /><testcase classname="backend.tests.test_iteration_15.TestPDFDownload" name="test_pdf_download_valid" time="0.132" /><testcase classname="backend.tests.test_iteration_15.TestAdminCommercialDashboard" name="test_commercial_stats" time="0.056" /><testcase classname="backend.tests.test_iteration_15.TestAdminCommercialDashboard" name="test_list_quotes" time="0.058" /><testcase classname="backend.tests.test_iteration_15.TestAdminCommercialDashboard" name="test_list_invoices" time="0.054" /><testcase classname="backend.tests.test_iteration_15.TestQuotePortalEndpoints" name="test_portal_quote_access_requires_token" time="0.058" /><testcase classname="backend.tests.test_iteration_15.TestQuotePortalEndpoints" name="test_portal_quote_with_invalid_token" time="0.091" /></testsuite></testsuites>