<?xml version="1.0" encoding="utf-8"?><testsuites name="pytest tests"><testsuite name="pytest" errors="0" failures="0" skipped="0" tests="19" time="75.566" timestamp="2026-04-04T07:17:51.543395+00:00" hostname="agent-env-ba57f1c5-2c1c-49c6-a3fe-28cd8f27846c"><testcase classname="backend.tests.test_iteration_59_ci_migration.TestHealthAndSecurity" name="test_health_endpoint" time="0.133" /><testcase classname="backend.tests.test_iteration_59_ci_migration.TestHealthAndSecurity" name="test_security_headers" time="0.109" /><testcase classname="backend.tests.test_iteration_59_ci_migration.TestAdminAuth" name="test_admin_login_success" time="0.139" /><testcase classname="backend.tests.test_iteration_59_ci_migration.TestAdminAuth" name="test_admin_login_invalid_credentials" time="0.101" /><testcase classname="backend.tests.test_iteration_59_ci_migration.TestAdminAuth" name="test_protected_route_without_token" time="0.105" /><testcase classname="backend.tests.test_iteration_59_ci_migration.TestAdminDashboard" name="test_admin_stats" time="0.237" /><testcase classname="backend.tests.test_iteration_59_ci_migration.TestAdminDashboard" name="test_admin_leads" time="0.244" /><testcase classname="backend.tests.test_iteration_59_ci_migration.TestAdminDashboard" name="test_admin_bookings" time="0.245" /><testcase classname="backend.tests.test_iteration_59_ci_migration.TestOutboundLeadMachine" name="test_outbound_pipeline" time="0.247" /><testcase classname="backend.tests.test_iteration_59_ci_migration.TestOutboundLeadMachine" name="test_outbound_leads" time="0.255" /><testcase classname="backend.tests.test_iteration_59_ci_migration.TestContractValueCalculation" name="test_contract_creation_with_value" time="0.237" /><testcase classname="backend.tests.test_iteration_59_ci_migration.TestContractValueCalculation" name="test_contracts_list" time="0.251" /><testcase classname="backend.tests.test_iteration_59_ci_migration.TestPublicContractAcceptance" name="test_public_contract_view_without_params" time="0.104" /><testcase classname="backend.tests.test_iteration_59_ci_migration.TestPublicContractAcceptance" name="test_public_contract_view_with_invalid_token" time="0.094" /><testcase classname="backend.tests.test_iteration_59_ci_migration.TestProjectsCRUD" name="test_projects_list" time="0.236" /><testcase classname="backend.tests.test_iteration_59_ci_migration.TestProjectsCRUD" name="test_project_create" time="36.204" /><testcase classname="backend.tests.test_iteration_59_ci_migration.TestAdminViews" name="test_admin_users" time="36.034" /><testcase classname="backend.tests.test_iteration_59_ci_migration.TestAdminViews" name="test_admin_chat_sessions" time="0.256" /><testcase classname="backend.tests.test_iteration_59_ci_migration.TestAdminViews" name="test_admin_timeline" time="0.242" /></testsuite></testsuites>