<?xml version="1.0" encoding="utf-8"?><testsuites name="pytest tests"><testsuite name="pytest" errors="0" failures="0" skipped="0" tests="17" time="7.459" timestamp="2026-04-04T07:01:03.277504+00:00" hostname="agent-env-ba57f1c5-2c1c-49c6-a3fe-28cd8f27846c"><testcase classname="tests.test_iteration_58_contract_acceptance.TestHealthAndSecurity" name="test_health_endpoint" time="0.114" /><testcase classname="tests.test_iteration_58_contract_acceptance.TestHealthAndSecurity" name="test_security_headers_present" time="0.100" /><testcase classname="tests.test_iteration_58_contract_acceptance.TestHealthAndSecurity" name="test_admin_routes_require_auth" time="0.097" /><testcase classname="tests.test_iteration_58_contract_acceptance.TestAdminLogin" name="test_admin_login_success" time="0.138" /><testcase classname="tests.test_iteration_58_contract_acceptance.TestAdminLogin" name="test_admin_login_invalid_credentials" time="0.155" /><testcase classname="tests.test_iteration_58_contract_acceptance.TestContractCreationWithTitleAndValue" name="test_create_contract_with_title_and_value" time="0.530" /><testcase classname="tests.test_iteration_58_contract_acceptance.TestAppendixCreation" name="test_appendix_with_appendix_type_field" time="0.528" /><testcase classname="tests.test_iteration_58_contract_acceptance.TestAppendixCreation" name="test_appendix_with_type_field" time="0.334" /><testcase classname="tests.test_iteration_58_contract_acceptance.TestPublicContractAcceptanceE2E" name="test_full_contract_acceptance_e2e" time="2.025" /><testcase classname="tests.test_iteration_58_contract_acceptance.TestPublicEndpointsNoAuth" name="test_public_view_no_auth_header" time="1.784" /><testcase classname="tests.test_iteration_58_contract_acceptance.TestPublicEndpointsNoAuth" name="test_public_view_invalid_token" time="0.121" /><testcase classname="tests.test_iteration_58_contract_acceptance.TestAdminDashboardAndNavigation" name="test_dashboard_stats" time="0.248" /><testcase classname="tests.test_iteration_58_contract_acceptance.TestAdminDashboardAndNavigation" name="test_admin_user_management_list" time="0.229" /><testcase classname="tests.test_iteration_58_contract_acceptance.TestAdminDashboardAndNavigation" name="test_webhook_event_store" time="0.230" /><testcase classname="tests.test_iteration_58_contract_acceptance.TestOutboundPipeline" name="test_outbound_pipeline_stats" time="0.241" /><testcase classname="tests.test_iteration_58_contract_acceptance.TestOutboundPipeline" name="test_outbound_discover_lead" time="0.250" /><testcase classname="tests.test_iteration_58_contract_acceptance.TestOutboundPipeline" name="test_outbound_leads_list" time="0.237" /></testsuite></testsuites>