<?xml version="1.0" encoding="utf-8"?><testsuites name="pytest tests"><testsuite name="pytest" errors="0" failures="0" skipped="0" tests="18" time="21.129" timestamp="2026-04-03T20:22:17.730016+00:00" hostname="agent-env-ba57f1c5-2c1c-49c6-a3fe-28cd8f27846c"><testcase classname="backend.tests.test_p1_p7_comprehensive.TestP1LLMProviderAbstraction" name="test_llm_status_endpoint" time="0.390" /><testcase classname="backend.tests.test_p1_p7_comprehensive.TestP1LLMProviderAbstraction" name="test_llm_health_endpoint" time="0.644" /><testcase classname="backend.tests.test_p1_p7_comprehensive.TestP1LLMProviderAbstraction" name="test_llm_test_endpoint" time="0.490" /><testcase classname="backend.tests.test_p1_p7_comprehensive.TestP1LLMProviderAbstraction" name="test_llm_agent_flow_endpoint" time="16.690" /><testcase classname="backend.tests.test_p1_p7_comprehensive.TestP2PortalFinanceView" name="test_customer_finance_endpoint_structure" time="0.378" /><testcase classname="backend.tests.test_p1_p7_comprehensive.TestP3ContractOSEnhancement" name="test_customer_contract_detail_structure" time="0.420" /><testcase classname="backend.tests.test_p1_p7_comprehensive.TestP4ReconciliationAndWebhooks" name="test_billing_reconcile_endpoint" time="0.127" /><testcase classname="backend.tests.test_p1_p7_comprehensive.TestP4ReconciliationAndWebhooks" name="test_webhooks_history_endpoint" time="0.112" /><testcase classname="backend.tests.test_p1_p7_comprehensive.TestP5E2EFlowVerification" name="test_e2e_verify_flow_endpoint" time="0.501" /><testcase classname="backend.tests.test_p1_p7_comprehensive.TestP6LegalGateAndCompliance" name="test_legal_check_outreach_endpoint" time="0.118" /><testcase classname="backend.tests.test_p1_p7_comprehensive.TestP6LegalGateAndCompliance" name="test_legal_check_contract_endpoint" time="0.110" /><testcase classname="backend.tests.test_p1_p7_comprehensive.TestP6LegalGateAndCompliance" name="test_compliance_summary_endpoint" time="0.118" /><testcase classname="backend.tests.test_p1_p7_comprehensive.TestP7OutboundLeadMachine" name="test_outbound_lead_detail" time="0.109" /><testcase classname="backend.tests.test_p1_p7_comprehensive.TestP7OutboundLeadMachine" name="test_outbound_send_with_legal_gate" time="0.337" /><testcase classname="backend.tests.test_p1_p7_comprehensive.TestP7OutboundLeadMachine" name="test_outbound_respond_endpoint" time="0.101" /><testcase classname="backend.tests.test_p1_p7_comprehensive.TestP7OutboundLeadMachine" name="test_outbound_handover_endpoint" time="0.111" /><testcase classname="backend.tests.test_p1_p7_comprehensive.TestAdminAuthentication" name="test_admin_login" time="0.160" /><testcase classname="backend.tests.test_p1_p7_comprehensive.TestAdminAuthentication" name="test_admin_me" time="0.106" /></testsuite></testsuites>