<?xml version="1.0" encoding="utf-8"?><testsuites name="pytest tests"><testsuite name="pytest" errors="0" failures="0" skipped="0" tests="24" time="3.350" timestamp="2026-04-04T12:02:30.566577+00:00" hostname="agent-env-ba57f1c5-2c1c-49c6-a3fe-28cd8f27846c"><testcase classname="tests.test_api_v1_external.TestApiV1Health" name="test_health_returns_200" time="0.232" /><testcase classname="tests.test_api_v1_external.TestApiV1Docs" name="test_docs_returns_full_documentation" time="0.102" /><testcase classname="tests.test_api_v1_external.TestApiV1Authentication" name="test_missing_api_key_returns_401" time="0.120" /><testcase classname="tests.test_api_v1_external.TestApiV1Authentication" name="test_invalid_api_key_returns_401" time="0.107" /><testcase classname="tests.test_api_v1_external.TestApiV1Authentication" name="test_valid_api_key_returns_200" time="0.109" /><testcase classname="tests.test_api_v1_external.TestAdminApiKeyManagement" name="test_admin_create_api_key" time="0.292" /><testcase classname="tests.test_api_v1_external.TestAdminApiKeyManagement" name="test_admin_list_api_keys" time="0.107" /><testcase classname="tests.test_api_v1_external.TestAdminApiKeyManagement" name="test_admin_toggle_api_key" time="0.206" /><testcase classname="tests.test_api_v1_external.TestAdminApiKeyManagement" name="test_admin_delete_api_key" time="0.095" /><testcase classname="tests.test_api_v1_external.TestApiV1Stats" name="test_stats_with_valid_key" time="0.109" /><testcase classname="tests.test_api_v1_external.TestApiV1Contacts" name="test_list_contacts" time="0.144" /><testcase classname="tests.test_api_v1_external.TestApiV1Contacts" name="test_create_contact" time="0.126" /><testcase classname="tests.test_api_v1_external.TestApiV1Contacts" name="test_get_contact" time="0.103" /><testcase classname="tests.test_api_v1_external.TestApiV1Contacts" name="test_update_contact" time="0.203" /><testcase classname="tests.test_api_v1_external.TestApiV1Leads" name="test_list_leads" time="0.104" /><testcase classname="tests.test_api_v1_external.TestApiV1Leads" name="test_create_lead" time="0.110" /><testcase classname="tests.test_api_v1_external.TestApiV1Leads" name="test_get_lead" time="0.103" /><testcase classname="tests.test_api_v1_external.TestApiV1ReadOnlyEndpoints" name="test_list_quotes" time="0.107" /><testcase classname="tests.test_api_v1_external.TestApiV1ReadOnlyEndpoints" name="test_list_contracts" time="0.120" /><testcase classname="tests.test_api_v1_external.TestApiV1ReadOnlyEndpoints" name="test_list_projects" time="0.097" /><testcase classname="tests.test_api_v1_external.TestApiV1ReadOnlyEndpoints" name="test_list_invoices" time="0.109" /><testcase classname="tests.test_api_v1_external.TestApiV1Webhooks" name="test_register_webhook" time="0.116" /><testcase classname="tests.test_api_v1_external.TestApiV1Webhooks" name="test_list_webhooks" time="0.106" /><testcase classname="tests.test_api_v1_external.TestApiV1Webhooks" name="test_delete_webhook" time="0.203" /></testsuite></testsuites>