<?xml version="1.0" encoding="utf-8"?><testsuites name="pytest tests"><testsuite name="pytest" errors="0" failures="0" skipped="0" tests="9" time="2.209" timestamp="2026-04-03T21:06:06.024774+00:00" hostname="agent-env-ba57f1c5-2c1c-49c6-a3fe-28cd8f27846c"><testcase classname="backend.tests.test_iteration_37.TestHealthAndBasics" name="test_api_health" time="0.168" /><testcase classname="backend.tests.test_iteration_37.TestMonitoringDashboard" name="test_monitoring_status_endpoint" time="0.288" /><testcase classname="backend.tests.test_iteration_37.TestEmailDelivery" name="test_email_stats_endpoint" time="0.120" /><testcase classname="backend.tests.test_iteration_37.TestEmailDelivery" name="test_email_test_endpoint" time="0.335" /><testcase classname="backend.tests.test_iteration_37.TestReconciliation" name="test_billing_reconcile_endpoint" time="0.117" /><testcase classname="backend.tests.test_iteration_37.TestReconciliation" name="test_webhook_history_endpoint" time="0.118" /><testcase classname="backend.tests.test_iteration_37.TestE2EFlowVerification" name="test_verify_e2e_flow_endpoint" time="0.698" /><testcase classname="backend.tests.test_iteration_37.TestAdminAuthentication" name="test_admin_login" time="0.180" /><testcase classname="backend.tests.test_iteration_37.TestAdminAuthentication" name="test_admin_login_invalid" time="0.102" /></testsuite></testsuites>