<?xml version="1.0" encoding="utf-8"?><testsuites name="pytest tests"><testsuite name="pytest" errors="0" failures="0" skipped="1" tests="27" time="16.826" timestamp="2026-04-03T06:57:11.659182+00:00" hostname="agent-env-e511dfe9-fc84-4edd-9e5e-6ba9f2cea19f"><testcase classname="backend.tests.test_iteration_20.TestHealthCheck" name="test_api_health" time="0.139" /><testcase classname="backend.tests.test_iteration_20.TestAdminAuth" name="test_admin_login_success" time="0.156" /><testcase classname="backend.tests.test_iteration_20.TestAdminAuth" name="test_admin_login_invalid_credentials" time="0.112" /><testcase classname="backend.tests.test_iteration_20.TestAgentsAPI" name="test_list_agents" time="0.243" /><testcase classname="backend.tests.test_iteration_20.TestAgentsAPI" name="test_agent_route_task" time="2.304" /><testcase classname="backend.tests.test_iteration_20.TestAgentsAPI" name="test_execute_intake_agent" time="7.582" /><testcase classname="backend.tests.test_iteration_20.TestAgentsAPI" name="test_execute_finance_agent" time="4.080" /><testcase classname="backend.tests.test_iteration_20.TestAgentsAPI" name="test_execute_nonexistent_agent" time="0.103" /><testcase classname="backend.tests.test_iteration_20.TestAuditSystem" name="test_audit_health" time="0.103" /><testcase classname="backend.tests.test_iteration_20.TestAuditSystem" name="test_audit_timeline" time="0.107" /><testcase classname="backend.tests.test_iteration_20.TestCustomerPortalAPI" name="test_portal_customer_data" time="0.102"><skipped type="pytest.skip" message="No portal token available">/app/backend/tests/test_iteration_20.py:252: No portal token available</skipped></testcase><testcase classname="backend.tests.test_iteration_20.TestCustomerPortalAPI" name="test_portal_invalid_token" time="0.099" /><testcase classname="backend.tests.test_iteration_20.TestQuotePortalActions" name="test_quote_accept_without_token" time="0.099" /><testcase classname="backend.tests.test_iteration_20.TestQuotePortalActions" name="test_quote_decline_without_token" time="0.097" /><testcase classname="backend.tests.test_iteration_20.TestQuotePortalActions" name="test_quote_revision_without_token" time="0.123" /><testcase classname="backend.tests.test_iteration_20.TestCustomerMemoryAPI" name="test_add_customer_memory_fact" time="0.102" /><testcase classname="backend.tests.test_iteration_20.TestCustomerMemoryAPI" name="test_get_customer_memory" time="0.123" /><testcase classname="backend.tests.test_iteration_20.TestAdminSidebarNavigation" name="test_admin_stats" time="0.100" /><testcase classname="backend.tests.test_iteration_20.TestAdminSidebarNavigation" name="test_admin_leads" time="0.103" /><testcase classname="backend.tests.test_iteration_20.TestAdminSidebarNavigation" name="test_admin_conversations" time="0.100" /><testcase classname="backend.tests.test_iteration_20.TestAdminSidebarNavigation" name="test_admin_chat_sessions" time="0.099" /><testcase classname="backend.tests.test_iteration_20.TestAdminSidebarNavigation" name="test_admin_whatsapp_status" time="0.101" /><testcase classname="backend.tests.test_iteration_20.TestAdminSidebarNavigation" name="test_admin_timeline" time="0.109" /><testcase classname="backend.tests.test_iteration_20.TestAdminSidebarNavigation" name="test_admin_calendar" time="0.104" /><testcase classname="backend.tests.test_iteration_20.TestAdminSidebarNavigation" name="test_admin_customers" time="0.107" /><testcase classname="backend.tests.test_iteration_20.TestAdminSidebarNavigation" name="test_admin_quotes" time="0.112" /><testcase classname="backend.tests.test_iteration_20.TestAdminSidebarNavigation" name="test_admin_invoices" time="0.103" /></testsuite></testsuites>