<?xml version="1.0" encoding="utf-8"?><testsuites name="pytest tests"><testsuite name="pytest" errors="0" failures="0" skipped="0" tests="22" time="8.855" timestamp="2026-04-03T18:30:50.940768+00:00" hostname="agent-env-ba57f1c5-2c1c-49c6-a3fe-28cd8f27846c"><testcase classname="backend.tests.test_contract_os_p2.TestContractOSAdmin" name="test_create_contract_standard" time="2.702" /><testcase classname="backend.tests.test_contract_os_p2.TestContractOSAdmin" name="test_create_contract_growth_tier" time="0.117" /><testcase classname="backend.tests.test_contract_os_p2.TestContractOSAdmin" name="test_create_contract_amendment" time="0.144" /><testcase classname="backend.tests.test_contract_os_p2.TestContractOSAdmin" name="test_list_contracts" time="0.159" /><testcase classname="backend.tests.test_contract_os_p2.TestContractOSAdmin" name="test_get_contract_detail" time="0.304" /><testcase classname="backend.tests.test_contract_os_p2.TestContractOSAdmin" name="test_update_contract_status_with_version_increment" time="0.348" /><testcase classname="backend.tests.test_contract_os_p2.TestContractOSAdmin" name="test_add_appendix_ai_agents" time="0.282" /><testcase classname="backend.tests.test_contract_os_p2.TestContractOSAdmin" name="test_add_all_appendix_types" time="1.132" /><testcase classname="backend.tests.test_contract_os_p2.TestContractOSAdmin" name="test_send_contract_to_customer" time="0.649" /><testcase classname="backend.tests.test_contract_os_p2.TestContractOSAdmin" name="test_send_contract_only_draft_review" time="0.696" /><testcase classname="backend.tests.test_contract_os_p2.TestContractOSAdmin" name="test_get_evidence_package" time="0.224" /><testcase classname="backend.tests.test_contract_os_p2.TestContractOSAdmin" name="test_contract_number_format" time="0.123" /><testcase classname="backend.tests.test_contract_os_p2.TestContractOSCustomer" name="test_customer_contracts_requires_auth" time="0.104" /><testcase classname="backend.tests.test_contract_os_p2.TestContractOSCustomer" name="test_customer_contract_detail_requires_auth" time="0.111" /><testcase classname="backend.tests.test_contract_os_p2.TestContractOSCustomer" name="test_customer_accept_requires_auth" time="0.145" /><testcase classname="backend.tests.test_contract_os_p2.TestContractOSCustomer" name="test_customer_decline_requires_auth" time="0.151" /><testcase classname="backend.tests.test_contract_os_p2.TestContractOSCustomer" name="test_customer_request_change_requires_auth" time="0.226" /><testcase classname="backend.tests.test_contract_os_p2.TestLegalModules" name="test_legal_modules_initialized" time="0.329" /><testcase classname="backend.tests.test_contract_os_p2.TestLegalModules" name="test_legal_module_definitions_in_detail" time="0.239" /><testcase classname="backend.tests.test_contract_os_p2.TestExistingContract" name="test_existing_contract_ctr_fa24ac23eb394673" time="0.266" /><testcase classname="backend.tests.test_contract_os_p2.TestHealthAndBasics" name="test_health_endpoint" time="0.113" /><testcase classname="backend.tests.test_contract_os_p2.TestHealthAndBasics" name="test_admin_login" time="0.164" /></testsuite></testsuites>