<?xml version="1.0" encoding="utf-8"?><testsuites name="pytest tests"><testsuite name="pytest" errors="0" failures="0" skipped="0" tests="15" time="3.067" timestamp="2026-04-05T04:44:30.611241+00:00" hostname="agent-env-ba57f1c5-2c1c-49c6-a3fe-28cd8f27846c"><testcase classname="backend.tests.test_iteration_70.TestAdminAuth" name="test_admin_login" time="0.274" /><testcase classname="backend.tests.test_iteration_70.TestStatsAPIExpansion" name="test_stats_returns_contacts_total" time="0.283" /><testcase classname="backend.tests.test_iteration_70.TestStatsAPIExpansion" name="test_stats_returns_quotes_total" time="0.131" /><testcase classname="backend.tests.test_iteration_70.TestStatsAPIExpansion" name="test_stats_returns_contracts_total" time="0.110" /><testcase classname="backend.tests.test_iteration_70.TestStatsAPIExpansion" name="test_stats_returns_invoices_total" time="0.109" /><testcase classname="backend.tests.test_iteration_70.TestStatsAPIExpansion" name="test_stats_returns_projects_total" time="0.112" /><testcase classname="backend.tests.test_iteration_70.TestStatsAPIExpansion" name="test_stats_returns_all_8_dashboard_fields" time="0.114" /><testcase classname="backend.tests.test_iteration_70.TestWebhookEvents" name="test_webhook_events_endpoint_exists" time="0.273" /><testcase classname="backend.tests.test_iteration_70.TestWebhookEvents" name="test_webhook_events_structure" time="0.132" /><testcase classname="backend.tests.test_iteration_70.TestMonitoringStatus" name="test_monitoring_status_endpoint" time="0.255" /><testcase classname="backend.tests.test_iteration_70.TestNeXifyAIExecuteTool" name="test_execute_tool_system_stats" time="0.290" /><testcase classname="backend.tests.test_iteration_70.TestLeadsEndpoint" name="test_leads_endpoint" time="0.287" /><testcase classname="backend.tests.test_iteration_70.TestAgentsEndpoint" name="test_agents_endpoint" time="0.248" /><testcase classname="backend.tests.test_iteration_70.TestCommercialEndpoints" name="test_quotes_endpoint" time="0.255" /><testcase classname="backend.tests.test_iteration_70.TestCommercialEndpoints" name="test_invoices_endpoint" time="0.101" /></testsuite></testsuites>