<?xml version="1.0" encoding="utf-8"?><testsuites name="pytest tests"><testsuite name="pytest" errors="0" failures="0" skipped="0" tests="14" time="5.354" timestamp="2026-04-05T03:37:20.725878+00:00" hostname="agent-env-ba57f1c5-2c1c-49c6-a3fe-28cd8f27846c"><testcase classname="tests.test_iteration_66.TestExternalApiHealth" name="test_api_v1_health_returns_operational" time="2.598" /><testcase classname="tests.test_iteration_66.TestLegalPages" name="test_impressum_de" time="0.156" /><testcase classname="tests.test_iteration_66.TestLegalPages" name="test_impressum_nl" time="0.149" /><testcase classname="tests.test_iteration_66.TestLegalPages" name="test_imprint_en" time="0.114" /><testcase classname="tests.test_iteration_66.TestCustomerPortal" name="test_login_page_renders" time="0.104" /><testcase classname="tests.test_iteration_66.TestApiKeys" name="test_list_api_keys" time="0.265" /><testcase classname="tests.test_iteration_66.TestNeXifyAITools" name="test_list_tools_returns_18_plus" time="0.103" /><testcase classname="tests.test_iteration_66.TestNeXifyAITools" name="test_execute_tool_system_stats" time="0.111" /><testcase classname="tests.test_iteration_66.TestNeXifyAITools" name="test_execute_tool_list_contacts" time="0.136" /><testcase classname="tests.test_iteration_66.TestNeXifyAITools" name="test_execute_tool_search_brain" time="0.995" /><testcase classname="tests.test_iteration_66.TestNeXifyAITools" name="test_execute_tool_db_query_leads" time="0.103" /><testcase classname="tests.test_iteration_66.TestNeXifyAIStatus" name="test_nexify_ai_status" time="0.148" /><testcase classname="tests.test_iteration_66.TestNeXifyAIConversations" name="test_list_conversations" time="0.153" /><testcase classname="tests.test_iteration_66.TestAdminStats" name="test_admin_stats" time="0.126" /></testsuite></testsuites>