<?xml version="1.0" encoding="utf-8"?><testsuites name="pytest tests"><testsuite name="pytest" errors="0" failures="0" skipped="4" tests="25" time="0.876" timestamp="2026-04-02T10:43:44.667963+00:00" hostname="agent-env-e511dfe9-fc84-4edd-9e5e-6ba9f2cea19f"><testcase classname="tests.test_nexifyai_api.TestHealthEndpoint" name="test_health_returns_200" time="0.003" /><testcase classname="tests.test_nexifyai_api.TestCompanyEndpoint" name="test_company_returns_data" time="0.002" /><testcase classname="tests.test_nexifyai_api.TestContactForm" name="test_contact_form_valid_submission" time="0.009" /><testcase classname="tests.test_nexifyai_api.TestContactForm" name="test_contact_form_validation_short_name" time="0.003" /><testcase classname="tests.test_nexifyai_api.TestContactForm" name="test_contact_form_validation_invalid_email" time="0.002" /><testcase classname="tests.test_nexifyai_api.TestContactForm" name="test_contact_form_validation_short_message" time="0.002" /><testcase classname="tests.test_nexifyai_api.TestContactForm" name="test_contact_form_honeypot_trap" time="0.001" /><testcase classname="tests.test_nexifyai_api.TestBookingEndpoints" name="test_get_available_slots" time="0.003" /><testcase classname="tests.test_nexifyai_api.TestBookingEndpoints" name="test_create_booking" time="0.012" /><testcase classname="tests.test_nexifyai_api.TestChatEndpoints" name="test_chat_message_initial" time="0.005" /><testcase classname="tests.test_nexifyai_api.TestChatEndpoints" name="test_chat_message_vertrieb_keyword" time="0.003" /><testcase classname="tests.test_nexifyai_api.TestChatEndpoints" name="test_chat_message_crm_keyword" time="0.003" /><testcase classname="tests.test_nexifyai_api.TestChatEndpoints" name="test_chat_message_escalation" time="0.003" /><testcase classname="tests.test_nexifyai_api.TestAnalyticsEndpoint" name="test_track_event" time="0.003" /><testcase classname="tests.test_nexifyai_api.TestAdminAuthentication" name="test_admin_login_success" time="0.229" /><testcase classname="tests.test_nexifyai_api.TestAdminAuthentication" name="test_admin_login_invalid_credentials" time="0.003" /><testcase classname="tests.test_nexifyai_api.TestAdminAuthentication" name="test_admin_login_wrong_password" time="0.199" /><testcase classname="tests.test_nexifyai_api.TestAdminDashboard" name="test_admin_me" time="0.181" /><testcase classname="tests.test_nexifyai_api.TestAdminDashboard" name="test_admin_stats" time="0.120" /><testcase classname="tests.test_nexifyai_api.TestAdminDashboard" name="test_admin_leads_list" time="0.002"><skipped type="pytest.skip" message="Could not authenticate">/app/backend/tests/test_nexifyai_api.py:338: Could not authenticate</skipped></testcase><testcase classname="tests.test_nexifyai_api.TestAdminDashboard" name="test_admin_leads_search" time="0.001"><skipped type="pytest.skip" message="Could not authenticate">/app/backend/tests/test_nexifyai_api.py:351: Could not authenticate</skipped></testcase><testcase classname="tests.test_nexifyai_api.TestAdminDashboard" name="test_admin_leads_filter_by_status" time="0.001"><skipped type="pytest.skip" message="Could not authenticate">/app/backend/tests/test_nexifyai_api.py:362: Could not authenticate</skipped></testcase><testcase classname="tests.test_nexifyai_api.TestAdminDashboard" name="test_admin_bookings_list" time="0.001"><skipped type="pytest.skip" message="Could not authenticate">/app/backend/tests/test_nexifyai_api.py:376: Could not authenticate</skipped></testcase><testcase classname="tests.test_nexifyai_api.TestAdminDashboard" name="test_admin_unauthorized_access" time="0.001" /><testcase classname="tests.test_nexifyai_api.TestAdminDashboard" name="test_admin_invalid_token" time="0.001" /></testsuite></testsuites>