<?xml version="1.0" encoding="utf-8"?><testsuites name="pytest tests"><testsuite name="pytest" errors="0" failures="0" skipped="0" tests="23" time="4.727" timestamp="2026-04-04T06:29:38.401508+00:00" hostname="agent-env-ba57f1c5-2c1c-49c6-a3fe-28cd8f27846c"><testcase classname="backend.tests.test_iteration_56.TestAdminAuth" name="test_admin_login_success" time="0.189" /><testcase classname="backend.tests.test_iteration_56.TestAdminAuth" name="test_admin_login_invalid_credentials" time="0.102" /><testcase classname="backend.tests.test_iteration_56.TestSecurityHeaders" name="test_security_headers_present" time="0.095" /><testcase classname="backend.tests.test_iteration_56.TestSecurityHeaders" name="test_cors_headers_present" time="0.068" /><testcase classname="backend.tests.test_iteration_56.TestAdminUserManagement" name="test_get_admin_users_list" time="0.243" /><testcase classname="backend.tests.test_iteration_56.TestAdminUserManagement" name="test_create_admin_user" time="0.575" /><testcase classname="backend.tests.test_iteration_56.TestAdminUserManagement" name="test_cannot_delete_self" time="0.239" /><testcase classname="backend.tests.test_iteration_56.TestWebhookEventStore" name="test_get_webhook_events" time="0.252" /><testcase classname="backend.tests.test_iteration_56.TestCustomerPortalEndpoints" name="test_customer_profile_requires_auth" time="0.108" /><testcase classname="backend.tests.test_iteration_56.TestCustomerPortalEndpoints" name="test_customer_documents_requires_auth" time="0.120" /><testcase classname="backend.tests.test_iteration_56.TestCustomerPortalEndpoints" name="test_customer_consents_requires_auth" time="0.101" /><testcase classname="backend.tests.test_iteration_56.TestCustomerPortalEndpoints" name="test_customer_opt_out_requires_auth" time="0.115" /><testcase classname="backend.tests.test_iteration_56.TestCustomerPortalEndpoints" name="test_portal_customer_invalid_token" time="0.107" /><testcase classname="backend.tests.test_iteration_56.TestOutboundLeadMachine" name="test_outbound_pipeline_stats" time="0.262" /><testcase classname="backend.tests.test_iteration_56.TestOutboundLeadMachine" name="test_outbound_leads_list" time="0.236" /><testcase classname="backend.tests.test_iteration_56.TestOutboundLeadMachine" name="test_outbound_discover_lead" time="0.240" /><testcase classname="backend.tests.test_iteration_56.TestOutboundLeadMachine" name="test_outbound_campaigns" time="0.238" /><testcase classname="backend.tests.test_iteration_56.TestAdminDashboard" name="test_admin_stats" time="0.225" /><testcase classname="backend.tests.test_iteration_56.TestProjectsAndContracts" name="test_projects_list" time="0.232" /><testcase classname="backend.tests.test_iteration_56.TestProjectsAndContracts" name="test_contracts_list" time="0.258" /><testcase classname="backend.tests.test_iteration_56.TestMonitoringAndBilling" name="test_billing_status" time="0.255" /><testcase classname="backend.tests.test_iteration_56.TestMonitoringAndBilling" name="test_legal_compliance" time="0.266" /><testcase classname="backend.tests.test_iteration_56.TestHealthEndpoint" name="test_health_check" time="0.096" /></testsuite></testsuites>