<?xml version="1.0" encoding="utf-8"?><testsuites name="pytest tests"><testsuite name="pytest" errors="0" failures="0" skipped="0" tests="19" time="3.675" timestamp="2026-04-03T07:52:06.502290+00:00" hostname="agent-env-e511dfe9-fc84-4edd-9e5e-6ba9f2cea19f"><testcase classname="backend.tests.test_iteration_21.TestAdminAuth" name="test_admin_login_success" time="0.310" /><testcase classname="backend.tests.test_iteration_21.TestCustomerManagement" name="test_create_customer_success" time="0.243" /><testcase classname="backend.tests.test_iteration_21.TestCustomerManagement" name="test_create_customer_missing_email" time="0.132" /><testcase classname="backend.tests.test_iteration_21.TestCustomerManagement" name="test_create_customer_upsert" time="0.208" /><testcase classname="backend.tests.test_iteration_21.TestCustomerManagement" name="test_portal_access_creation" time="0.224" /><testcase classname="backend.tests.test_iteration_21.TestCustomerManagement" name="test_portal_access_missing_email" time="0.098" /><testcase classname="backend.tests.test_iteration_21.TestCustomerManagement" name="test_portal_access_nonexistent_contact" time="0.099" /><testcase classname="backend.tests.test_iteration_21.TestMem0MemoryAPI" name="test_memory_agents_list" time="0.234" /><testcase classname="backend.tests.test_iteration_21.TestMem0MemoryAPI" name="test_memory_by_agent" time="0.096" /><testcase classname="backend.tests.test_iteration_21.TestMem0MemoryAPI" name="test_memory_by_agent_with_limit" time="0.112" /><testcase classname="backend.tests.test_iteration_21.TestMem0MemoryAPI" name="test_memory_search" time="0.324" /><testcase classname="backend.tests.test_iteration_21.TestMem0MemoryAPI" name="test_memory_search_with_contact_filter" time="0.100" /><testcase classname="backend.tests.test_iteration_21.TestCustomerMemoryFacts" name="test_add_memory_fact_success" time="0.353" /><testcase classname="backend.tests.test_iteration_21.TestCustomerMemoryFacts" name="test_add_memory_fact_with_agent_id" time="0.199" /><testcase classname="backend.tests.test_iteration_21.TestCustomerMemoryFacts" name="test_add_memory_fact_empty_fact" time="0.103" /><testcase classname="backend.tests.test_iteration_21.TestCustomerMemoryFacts" name="test_add_memory_fact_creates_contact" time="0.102" /><testcase classname="backend.tests.test_iteration_21.TestCustomerMemoryFacts" name="test_get_customer_memory" time="0.413" /><testcase classname="backend.tests.test_iteration_21.TestHealthAndBasics" name="test_health_endpoint" time="0.096" /><testcase classname="backend.tests.test_iteration_21.TestHealthAndBasics" name="test_company_endpoint" time="0.137" /></testsuite></testsuites>